<?xml version="1.0" encoding="UTF-8"?>
<testsuite name="com.johnpank.prospring4.chapter13.controllers.MainControllerTest" tests="2" skipped="0" failures="0" errors="0" timestamp="2020-02-28T06:51:16" hostname="johnpank-System" time="0.149">
  <properties/>
  <testcase name="testAddUser()" classname="com.johnpank.prospring4.chapter13.controllers.MainControllerTest" time="0.14"/>
  <testcase name="testGetAllUsers()" classname="com.johnpank.prospring4.chapter13.controllers.MainControllerTest" time="0.008"/>
  <system-out><![CDATA[]]></system-out>
  <system-err><![CDATA[]]></system-err>
</testsuite>
