<?xml version="1.0" encoding="UTF-8"?>
<testsuite name="com.johnpank.prospring4.chapter13.controllers.MainControllerTest" tests="2" skipped="0" failures="0" errors="0" timestamp="2020-02-21T12:29:45" hostname="johnpank-System" time="0.145">
  <properties/>
  <testcase name="testAddUser()" classname="com.johnpank.prospring4.chapter13.controllers.MainControllerTest" time="0.137"/>
  <testcase name="testGetAllUsers()" classname="com.johnpank.prospring4.chapter13.controllers.MainControllerTest" time="0.007"/>
  <system-out><![CDATA[]]></system-out>
  <system-err><![CDATA[]]></system-err>
</testsuite>
